<?xml version="1.0" encoding="UTF-8"?>
<!-- Generated by org.testng.reporters.JUnitXMLReporter -->
<testsuite ignored="0" hostname="Anushas-MacBook-Air.local" failures="0" tests="10" name="Sauce Labs Login Page Test" time="11.107" errors="0" timestamp="2026-07-21T00:13:10 EDT">
  <testcase classname="com.qa.SauceDemo.Tests.LoginPageTest" name="invalidLogin" time="0.304"/>
  <testcase classname="com.qa.SauceDemo.Tests.LoginPageTest" name="lockedOutUser" time="0.247"/>
  <testcase classname="com.qa.SauceDemo.Tests.LoginPageTest" name="verifyClickLoginOnly" time="0.155"/>
  <testcase classname="com.qa.SauceDemo.Tests.LoginPageTest" name="verifyHeader" time="0.008"/>
  <testcase classname="com.qa.SauceDemo.Tests.LoginPageTest" name="verifyOnlyPassword" time="0.038"/>
  <testcase classname="com.qa.SauceDemo.Tests.LoginPageTest" name="verifyOnlyUserName" time="0.251"/>
  <testcase classname="com.qa.SauceDemo.Tests.LoginPageTest" name="verifyTitle" time="0.002"/>
  <testcase classname="com.qa.SauceDemo.Tests.LoginPageTest" name="login" time="1.081"/>
  <testcase classname="com.qa.SauceDemo.Tests.LoginPageTest" name="login" time="1.039"/>
  <testcase classname="com.qa.SauceDemo.Tests.LoginPageTest" name="login" time="1.058"/>
</testsuite> <!-- Sauce Labs Login Page Test -->
