<?xml version="1.0" encoding="UTF-8"?>
<!-- Generated by org.testng.reporters.JUnitXMLReporter -->
<testsuite ignored="1" hostname="Anushas-MacBook-Air.local" failures="0" tests="3" name="Sauce Labs Inventory Page Test" time="7.13" errors="0" timestamp="2026-07-21T01:17:32 EDT">
  <testcase classname="com.qa.SauceDemo.Tests.InventoryPageTest" name="verifyAddToCart" time="0.284"/>
  <testcase classname="com.qa.SauceDemo.Tests.InventoryPageTest" name="sortByAToZ" time="0.029"/>
  <testcase classname="com.qa.SauceDemo.Tests.InventoryPageTest" name="sortByZToA" time="0.064"/>
  <testcase classname="com.qa.SauceDemo.Tests.InventoryPageTest" name="verifyRemoveFromCart" time="0.0">
    <ignored/>
  </testcase> <!-- verifyRemoveFromCart -->
</testsuite> <!-- Sauce Labs Inventory Page Test -->
