<?xml version="1.0" encoding="UTF-8"?>
<!-- Generated by org.testng.reporters.JUnitXMLReporter -->
<testsuite ignored="1" hostname="Anushas-MacBook-Air.local" failures="0" tests="3" name="Default test" time="3.63" errors="0" timestamp="2026-07-19T01:15:07 EDT">
  <testcase classname="com.qa.SauceDemo.Tests.InventoryPageTest" name="verifyAddToCart" time="0.213"/>
  <testcase classname="com.qa.SauceDemo.Tests.InventoryPageTest" name="sortByAToZ" time="0.025"/>
  <testcase classname="com.qa.SauceDemo.Tests.InventoryPageTest" name="sortByZToA" time="0.015"/>
  <testcase classname="com.qa.SauceDemo.Tests.InventoryPageTest" name="verifyRemoveFromCart" time="0.0">
    <ignored/>
  </testcase> <!-- verifyRemoveFromCart -->
</testsuite> <!-- Default test -->
