<?xml version="1.0" encoding="UTF-8"?>
<!-- Generated by org.testng.reporters.JUnitXMLReporter -->
<testsuite ignored="0" hostname="Anushas-MacBook-Air.local" failures="0" tests="10" name="Sauce Labs Login Page Test" time="10.23" errors="0" timestamp="2026-07-22T01:41:50 EDT">
  <testcase classname="com.qa.SauceDemo.Tests.LoginPageTest" name="invalidLogin" time="0.28"/>
  <testcase classname="com.qa.SauceDemo.Tests.LoginPageTest" name="lockedOutUser" time="0.066"/>
  <testcase classname="com.qa.SauceDemo.Tests.LoginPageTest" name="verifyClickLoginOnly" time="0.059"/>
  <testcase classname="com.qa.SauceDemo.Tests.LoginPageTest" name="verifyHeader" time="0.008"/>
  <testcase classname="com.qa.SauceDemo.Tests.LoginPageTest" name="verifyOnlyPassword" time="0.041"/>
  <testcase classname="com.qa.SauceDemo.Tests.LoginPageTest" name="verifyOnlyUserName" time="0.046"/>
  <testcase classname="com.qa.SauceDemo.Tests.LoginPageTest" name="verifyTitle" time="0.003"/>
  <testcase classname="com.qa.SauceDemo.Tests.LoginPageTest" name="login" time="1.047"/>
  <testcase classname="com.qa.SauceDemo.Tests.LoginPageTest" name="login" time="1.037"/>
  <testcase classname="com.qa.SauceDemo.Tests.LoginPageTest" name="login" time="1.033"/>
</testsuite> <!-- Sauce Labs Login Page Test -->
