<?xml version="1.0" encoding="UTF-8"?>
<!-- Generated by org.testng.reporters.JUnitXMLReporter -->
<testsuite ignored="0" hostname="Anushas-MacBook-Air.local" failures="0" tests="10" name="Sauce Labs Login Page Test" time="9.693" errors="0" timestamp="2026-07-22T01:26:14 EDT">
  <testcase classname="com.qa.SauceDemo.Tests.LoginPageTest" name="invalidLogin" time="0.197"/>
  <testcase classname="com.qa.SauceDemo.Tests.LoginPageTest" name="lockedOutUser" time="0.077"/>
  <testcase classname="com.qa.SauceDemo.Tests.LoginPageTest" name="verifyClickLoginOnly" time="0.08"/>
  <testcase classname="com.qa.SauceDemo.Tests.LoginPageTest" name="verifyHeader" time="0.003"/>
  <testcase classname="com.qa.SauceDemo.Tests.LoginPageTest" name="verifyOnlyPassword" time="0.042"/>
  <testcase classname="com.qa.SauceDemo.Tests.LoginPageTest" name="verifyOnlyUserName" time="0.035"/>
  <testcase classname="com.qa.SauceDemo.Tests.LoginPageTest" name="verifyTitle" time="0.003"/>
  <testcase classname="com.qa.SauceDemo.Tests.LoginPageTest" name="login" time="1.177"/>
  <testcase classname="com.qa.SauceDemo.Tests.LoginPageTest" name="login" time="1.029"/>
  <testcase classname="com.qa.SauceDemo.Tests.LoginPageTest" name="login" time="1.039"/>
</testsuite> <!-- Sauce Labs Login Page Test -->
