<?xml version="1.0" encoding="UTF-8"?>
<!-- Generated by org.testng.reporters.JUnitXMLReporter -->
<testsuite ignored="1" hostname="Anushas-MacBook-Air.local" failures="0" tests="3" name="Sauce Labs Inventory Page Test" time="7.57" errors="0" timestamp="2026-07-22T01:26:12 EDT">
  <testcase classname="com.qa.SauceDemo.Tests.InventoryPageTest" name="verifyAddToCart" time="0.492"/>
  <testcase classname="com.qa.SauceDemo.Tests.InventoryPageTest" name="sortByAToZ" time="0.03"/>
  <testcase classname="com.qa.SauceDemo.Tests.InventoryPageTest" name="sortByZToA" time="0.022"/>
  <testcase classname="com.qa.SauceDemo.Tests.InventoryPageTest" name="verifyRemoveFromCart" time="0.0">
    <ignored/>
  </testcase> <!-- verifyRemoveFromCart -->
</testsuite> <!-- Sauce Labs Inventory Page Test -->
