<?xml version="1.0" encoding="UTF-8"?>
<!-- Generated by org.testng.reporters.JUnitXMLReporter -->
<testsuite ignored="0" hostname="Anushas-MacBook-Air.local" failures="0" tests="10" name="Sauce Labs Login Page Test_chrome" time="46.383" errors="0" timestamp="2026-07-18T23:01:00 EDT">
  <testcase classname="com.qa.SauceDemo.Tests.LoginPageTest" name="invalidLogin" time="5.229"/>
  <testcase classname="com.qa.SauceDemo.Tests.LoginPageTest" name="lockedOutUser" time="5.099"/>
  <testcase classname="com.qa.SauceDemo.Tests.LoginPageTest" name="verifyClickLoginOnly" time="3.052"/>
  <testcase classname="com.qa.SauceDemo.Tests.LoginPageTest" name="verifyHeader" time="0.005"/>
  <testcase classname="com.qa.SauceDemo.Tests.LoginPageTest" name="verifyOnlyPassword" time="3.063"/>
  <testcase classname="com.qa.SauceDemo.Tests.LoginPageTest" name="verifyOnlyUserName" time="3.07"/>
  <testcase classname="com.qa.SauceDemo.Tests.LoginPageTest" name="verifyTitle" time="0.003"/>
  <testcase classname="com.qa.SauceDemo.Tests.LoginPageTest" name="login" time="7.217"/>
  <testcase classname="com.qa.SauceDemo.Tests.LoginPageTest" name="login" time="7.176"/>
  <testcase classname="com.qa.SauceDemo.Tests.LoginPageTest" name="login" time="7.179"/>
</testsuite> <!-- Sauce Labs Login Page Test_chrome -->
