<?xml version="1.0" encoding="UTF-8"?>
<testsuite xmlns:xsi="http://www.w3.org/2001/XMLSchema-instance" xsi:noNamespaceSchemaLocation="https://maven.apache.org/surefire/maven-surefire-plugin/xsd/surefire-test-report.xsd" version="3.0.1" name="TestSuite" time="10.568" tests="13" errors="0" skipped="0" failures="0">
  <properties>
[...]
</properties>
  <testcase name="invalidLogin" classname="com.qa.SauceDemo.Tests.LoginPageTest" time="0.322">
    <system-out><![CDATA[...
... TestNG 7.12.0 by Cédric Beust (cedric@beust.com)
...

Test Suite started!
Test Suite started!
invalidLogin started!
invalidLogin passed!
]]></system-out>
    <system-err><![CDATA[SLF4J(W): No SLF4J providers were found.
SLF4J(W): Defaulting to no-operation (NOP) logger implementation
SLF4J(W): See https://www.slf4j.org/codes.html#noProviders for further details.
]]></system-err>
  </testcase>
  <testcase name="lockedOutUser" classname="com.qa.SauceDemo.Tests.LoginPageTest" time="0.077">
    <system-out><![CDATA[lockedOutUser started!
lockedOutUser passed!
]]></system-out>
  </testcase>
  <testcase name="verifyClickLoginOnly" classname="com.qa.SauceDemo.Tests.LoginPageTest" time="0.053">
    <system-out><![CDATA[verifyClickLoginOnly started!
verifyAddToCart started!
verifyClickLoginOnly passed!
]]></system-out>
  </testcase>
  <testcase name="verifyHeader" classname="com.qa.SauceDemo.Tests.LoginPageTest" time="0.045">
    <system-out><![CDATA[verifyHeader started!
verifyHeader passed!
]]></system-out>
  </testcase>
  <testcase name="verifyOnlyPassword" classname="com.qa.SauceDemo.Tests.LoginPageTest" time="0.067">
    <system-out><![CDATA[verifyOnlyPassword started!
verifyOnlyPassword passed!
]]></system-out>
  </testcase>
  <testcase name="verifyOnlyUserName" classname="com.qa.SauceDemo.Tests.LoginPageTest" time="0.066">
    <system-out><![CDATA[verifyOnlyUserName started!
verifyOnlyUserName passed!
]]></system-out>
  </testcase>
  <testcase name="verifyTitle" classname="com.qa.SauceDemo.Tests.LoginPageTest" time="0.031">
    <system-out><![CDATA[verifyTitle started!
verifyTitle passed!
]]></system-out>
  </testcase>
  <testcase name="login[standard_user, secret_sauce](1)" classname="com.qa.SauceDemo.Tests.LoginPageTest" time="0.737">
    <system-out><![CDATA[Test Suite is ending!
login passed!
]]></system-out>
  </testcase>
  <testcase name="login[error_user, secret_sauce](2)" classname="com.qa.SauceDemo.Tests.LoginPageTest" time="1.074">
    <system-out><![CDATA[login started!
login passed!
]]></system-out>
  </testcase>
  <testcase name="login[problem_user, secret_sauce](3)" classname="com.qa.SauceDemo.Tests.LoginPageTest" time="1.067">
    <system-out><![CDATA[login started!
login passed!
]]></system-out>
  </testcase>
  <testcase name="verifyAddToCart" classname="com.qa.SauceDemo.Tests.InventoryPageTest" time="0.274">
    <system-out><![CDATA[login started!
Product added successfully to the cart
verifyAddToCart passed!
]]></system-out>
  </testcase>
  <testcase name="sortByAToZ" classname="com.qa.SauceDemo.Tests.InventoryPageTest" time="0.069">
    <system-out><![CDATA[sortByAToZ started!
Products are sorted A to Z
sortByAToZ passed!
]]></system-out>
  </testcase>
  <testcase name="sortByZToA" classname="com.qa.SauceDemo.Tests.InventoryPageTest" time="0.066">
    <system-out><![CDATA[sortByZToA started!
Products are sorted Z to A
sortByZToA passed!
]]></system-out>
  </testcase>
</testsuite>