<?xml version="1.0" encoding="UTF-8"?>
<testng-results ignored="1" total="14" passed="13" failed="0" skipped="0">
  <reporter-output>
  </reporter-output>
  <suite started-at="2026-07-21T01:17:25 EDT" name="SauceDemo Test Regression Suite" finished-at="2026-07-21T01:17:36 EDT" duration-ms="10942">
    <groups>
    </groups>
    <test started-at="2026-07-21T01:17:25 EDT" name="Sauce Labs Inventory Page Test" finished-at="2026-07-21T01:17:32 EDT" duration-ms="7130">
      <class name="com.qa.SauceDemo.Tests.InventoryPageTest">
        <test-method is-config="true" signature="setUp()[pri:0, instance:com.qa.SauceDemo.Tests.InventoryPageTest@503f91c3]" started-at="2026-07-21T01:17:25 EDT" name="setUp" finished-at="2026-07-21T01:17:31 EDT" duration-ms="5778" status="PASS">
          <reporter-output>
          </reporter-output>
        </test-method> <!-- setUp -->
        <test-method signature="verifyAddToCart()[pri:1, instance:com.qa.SauceDemo.Tests.InventoryPageTest@503f91c3]" started-at="2026-07-21T01:17:31 EDT" name="verifyAddToCart" finished-at="2026-07-21T01:17:31 EDT" duration-ms="284" status="PASS">
          <reporter-output>
          </reporter-output>
        </test-method> <!-- verifyAddToCart -->
        <test-method signature="sortByAToZ()[pri:2, instance:com.qa.SauceDemo.Tests.InventoryPageTest@503f91c3]" started-at="2026-07-21T01:17:32 EDT" name="sortByAToZ" finished-at="2026-07-21T01:17:32 EDT" duration-ms="29" status="PASS">
          <reporter-output>
          </reporter-output>
        </test-method> <!-- sortByAToZ -->
        <test-method signature="sortByZToA()[pri:3, instance:com.qa.SauceDemo.Tests.InventoryPageTest@503f91c3]" started-at="2026-07-21T01:17:32 EDT" name="sortByZToA" finished-at="2026-07-21T01:17:32 EDT" duration-ms="64" status="PASS">
          <reporter-output>
          </reporter-output>
        </test-method> <!-- sortByZToA -->
        <test-method is-config="true" signature="closeBrowser()[pri:0, instance:com.qa.SauceDemo.Tests.InventoryPageTest@503f91c3]" started-at="2026-07-21T01:17:32 EDT" name="closeBrowser" finished-at="2026-07-21T01:17:32 EDT" duration-ms="129" status="PASS">
          <reporter-output>
          </reporter-output>
        </test-method> <!-- closeBrowser -->
      </class> <!-- com.qa.SauceDemo.Tests.InventoryPageTest -->
    </test> <!-- Sauce Labs Inventory Page Test -->
    <test started-at="2026-07-21T01:17:25 EDT" name="Sauce Labs Login Page Test" finished-at="2026-07-21T01:17:36 EDT" duration-ms="10942">
      <class name="com.qa.SauceDemo.Tests.LoginPageTest">
        <test-method is-config="true" signature="setUp()[pri:0, instance:com.qa.SauceDemo.Tests.LoginPageTest@4f0f2942]" started-at="2026-07-21T01:17:25 EDT" name="setUp" finished-at="2026-07-21T01:17:31 EDT" duration-ms="5793" status="PASS">
          <reporter-output>
          </reporter-output>
        </test-method> <!-- setUp -->
        <test-method signature="invalidLogin()[pri:0, instance:com.qa.SauceDemo.Tests.LoginPageTest@4f0f2942]" started-at="2026-07-21T01:17:31 EDT" name="invalidLogin" finished-at="2026-07-21T01:17:31 EDT" duration-ms="223" status="PASS">
          <reporter-output>
          </reporter-output>
        </test-method> <!-- invalidLogin -->
        <test-method signature="lockedOutUser()[pri:0, instance:com.qa.SauceDemo.Tests.LoginPageTest@4f0f2942]" started-at="2026-07-21T01:17:31 EDT" name="lockedOutUser" finished-at="2026-07-21T01:17:32 EDT" duration-ms="620" status="PASS">
          <reporter-output>
          </reporter-output>
        </test-method> <!-- lockedOutUser -->
        <test-method signature="verifyClickLoginOnly()[pri:0, instance:com.qa.SauceDemo.Tests.LoginPageTest@4f0f2942]" started-at="2026-07-21T01:17:32 EDT" name="verifyClickLoginOnly" finished-at="2026-07-21T01:17:32 EDT" duration-ms="38" status="PASS">
          <reporter-output>
          </reporter-output>
        </test-method> <!-- verifyClickLoginOnly -->
        <test-method signature="verifyHeader()[pri:0, instance:com.qa.SauceDemo.Tests.LoginPageTest@4f0f2942]" started-at="2026-07-21T01:17:32 EDT" name="verifyHeader" finished-at="2026-07-21T01:17:32 EDT" duration-ms="4" status="PASS">
          <reporter-output>
          </reporter-output>
        </test-method> <!-- verifyHeader -->
        <test-method signature="verifyOnlyPassword()[pri:0, instance:com.qa.SauceDemo.Tests.LoginPageTest@4f0f2942]" started-at="2026-07-21T01:17:32 EDT" name="verifyOnlyPassword" finished-at="2026-07-21T01:17:32 EDT" duration-ms="105" status="PASS">
          <reporter-output>
          </reporter-output>
        </test-method> <!-- verifyOnlyPassword -->
        <test-method signature="verifyOnlyUserName()[pri:0, instance:com.qa.SauceDemo.Tests.LoginPageTest@4f0f2942]" started-at="2026-07-21T01:17:32 EDT" name="verifyOnlyUserName" finished-at="2026-07-21T01:17:32 EDT" duration-ms="56" status="PASS">
          <reporter-output>
          </reporter-output>
        </test-method> <!-- verifyOnlyUserName -->
        <test-method signature="verifyTitle()[pri:0, instance:com.qa.SauceDemo.Tests.LoginPageTest@4f0f2942]" started-at="2026-07-21T01:17:32 EDT" name="verifyTitle" finished-at="2026-07-21T01:17:32 EDT" duration-ms="4" status="PASS">
          <reporter-output>
          </reporter-output>
        </test-method> <!-- verifyTitle -->
        <test-method signature="login(java.lang.String,java.lang.String)[pri:1, instance:com.qa.SauceDemo.Tests.LoginPageTest@4f0f2942]" started-at="2026-07-21T01:17:32 EDT" name="login" data-provider="loginUserData" finished-at="2026-07-21T01:17:34 EDT" duration-ms="1069" status="PASS">
          <params>
            <param index="0">
              <value>
                <![CDATA[standard_user]]>
              </value>
            </param>
            <param index="1">
              <value>
                <![CDATA[secret_sauce]]>
              </value>
            </param>
          </params>
          <reporter-output>
          </reporter-output>
        </test-method> <!-- login -->
        <test-method signature="login(java.lang.String,java.lang.String)[pri:1, instance:com.qa.SauceDemo.Tests.LoginPageTest@4f0f2942]" started-at="2026-07-21T01:17:34 EDT" name="login" data-provider="loginUserData" finished-at="2026-07-21T01:17:35 EDT" duration-ms="1040" status="PASS">
          <params>
            <param index="0">
              <value>
                <![CDATA[error_user]]>
              </value>
            </param>
            <param index="1">
              <value>
                <![CDATA[secret_sauce]]>
              </value>
            </param>
          </params>
          <reporter-output>
          </reporter-output>
        </test-method> <!-- login -->
        <test-method signature="login(java.lang.String,java.lang.String)[pri:1, instance:com.qa.SauceDemo.Tests.LoginPageTest@4f0f2942]" started-at="2026-07-21T01:17:35 EDT" name="login" data-provider="loginUserData" finished-at="2026-07-21T01:17:36 EDT" duration-ms="1050" status="PASS">
          <params>
            <param index="0">
              <value>
                <![CDATA[problem_user]]>
              </value>
            </param>
            <param index="1">
              <value>
                <![CDATA[secret_sauce]]>
              </value>
            </param>
          </params>
          <reporter-output>
          </reporter-output>
        </test-method> <!-- login -->
        <test-method is-config="true" signature="closeBrowser()[pri:0, instance:com.qa.SauceDemo.Tests.LoginPageTest@4f0f2942]" started-at="2026-07-21T01:17:36 EDT" name="closeBrowser" finished-at="2026-07-21T01:17:36 EDT" duration-ms="92" status="PASS">
          <reporter-output>
          </reporter-output>
        </test-method> <!-- closeBrowser -->
      </class> <!-- com.qa.SauceDemo.Tests.LoginPageTest -->
    </test> <!-- Sauce Labs Login Page Test -->
  </suite> <!-- SauceDemo Test Regression Suite -->
</testng-results>
