<?xml version="1.0" encoding="UTF-8"?>
<!-- Generated by org.testng.reporters.JUnitReportReporter -->
<testsuite hostname="Anushas-MacBook-Air.local" failures="0" tests="4" name="com.qa.SauceDemo.Tests.InventoryPageTest" time="0.466" errors="0" timestamp="2026-07-21T00:13:10 EDT" skipped="1">
  <testcase classname="com.qa.SauceDemo.Tests.InventoryPageTest" name="verifyAddToCart" time="0.366"/>
  <testcase classname="com.qa.SauceDemo.Tests.InventoryPageTest" name="sortByAToZ" time="0.070"/>
  <testcase classname="com.qa.SauceDemo.Tests.InventoryPageTest" name="sortByZToA" time="0.030"/>
  <testcase classname="com.qa.SauceDemo.Tests.InventoryPageTest" name="verifyRemoveFromCart">
    <skipped/>
  </testcase> <!-- verifyRemoveFromCart -->
</testsuite> <!-- com.qa.SauceDemo.Tests.InventoryPageTest -->
