<?xml version="1.0" encoding="UTF-8"?>
<!-- Generated by org.testng.reporters.JUnitReportReporter -->
<testsuite hostname="Anushas-MacBook-Air.local" failures="0" tests="10" name="com.qa.SauceDemo.Tests.LoginPageTest" time="3.661" errors="0" timestamp="2026-07-22T01:27:09 EDT" skipped="0">
  <testcase classname="com.qa.SauceDemo.Tests.LoginPageTest" name="invalidLogin" time="0.248"/>
  <testcase classname="com.qa.SauceDemo.Tests.LoginPageTest" name="verifyClickLoginOnly" time="0.057"/>
  <testcase classname="com.qa.SauceDemo.Tests.LoginPageTest" name="verifyTitle" time="0.002"/>
  <testcase classname="com.qa.SauceDemo.Tests.LoginPageTest" name="verifyHeader" time="0.004"/>
  <testcase classname="com.qa.SauceDemo.Tests.LoginPageTest" name="lockedOutUser" time="0.082"/>
  <testcase classname="com.qa.SauceDemo.Tests.LoginPageTest" name="verifyOnlyUserName" time="0.057"/>
  <testcase classname="com.qa.SauceDemo.Tests.LoginPageTest" name="verifyOnlyPassword" time="0.035"/>
  <testcase classname="com.qa.SauceDemo.Tests.LoginPageTest" name="login" time="1.037"/>
  <testcase classname="com.qa.SauceDemo.Tests.LoginPageTest" name="login" time="1.084"/>
  <testcase classname="com.qa.SauceDemo.Tests.LoginPageTest" name="login" time="1.055"/>
</testsuite> <!-- com.qa.SauceDemo.Tests.LoginPageTest -->
