<?xml version="1.0" encoding="UTF-8"?>
<!-- Generated by org.testng.reporters.JUnitReportReporter -->
<testsuite hostname="Anushas-MacBook-Air.local" failures="0" tests="4" name="com.qa.SauceDemo.Tests.InventoryPageTest" time="0.377" errors="0" timestamp="2026-07-21T01:17:36 EDT" skipped="1">
  <testcase classname="com.qa.SauceDemo.Tests.InventoryPageTest" name="verifyAddToCart" time="0.284"/>
  <testcase classname="com.qa.SauceDemo.Tests.InventoryPageTest" name="sortByAToZ" time="0.029"/>
  <testcase classname="com.qa.SauceDemo.Tests.InventoryPageTest" name="sortByZToA" time="0.064"/>
  <testcase classname="com.qa.SauceDemo.Tests.InventoryPageTest" name="verifyRemoveFromCart">
    <skipped/>
  </testcase> <!-- verifyRemoveFromCart -->
</testsuite> <!-- com.qa.SauceDemo.Tests.InventoryPageTest -->
