<?xml version="1.0" encoding="UTF-8"?>
<!-- Generated by org.testng.reporters.JUnitReportReporter -->
<testsuite hostname="Anushas-MacBook-Air.local" failures="0" tests="10" name="com.qa.SauceDemo.Tests.LoginPageTest" time="4.209" errors="0" timestamp="2026-07-21T01:17:36 EDT" skipped="0">
  <testcase classname="com.qa.SauceDemo.Tests.LoginPageTest" name="lockedOutUser" time="0.620"/>
  <testcase classname="com.qa.SauceDemo.Tests.LoginPageTest" name="verifyHeader" time="0.004"/>
  <testcase classname="com.qa.SauceDemo.Tests.LoginPageTest" name="verifyOnlyPassword" time="0.105"/>
  <testcase classname="com.qa.SauceDemo.Tests.LoginPageTest" name="invalidLogin" time="0.223"/>
  <testcase classname="com.qa.SauceDemo.Tests.LoginPageTest" name="verifyOnlyUserName" time="0.056"/>
  <testcase classname="com.qa.SauceDemo.Tests.LoginPageTest" name="verifyClickLoginOnly" time="0.038"/>
  <testcase classname="com.qa.SauceDemo.Tests.LoginPageTest" name="verifyTitle" time="0.004"/>
  <testcase classname="com.qa.SauceDemo.Tests.LoginPageTest" name="login" time="1.040"/>
  <testcase classname="com.qa.SauceDemo.Tests.LoginPageTest" name="login" time="1.050"/>
  <testcase classname="com.qa.SauceDemo.Tests.LoginPageTest" name="login" time="1.069"/>
</testsuite> <!-- com.qa.SauceDemo.Tests.LoginPageTest -->
